-- The C compiler identification is GNU 11.3.0
-- The CXX compiler identification is GNU 11.3.0
-- Detecting C compiler ABI info
-- Detecting C compiler ABI info - done
-- Check for working C compiler: /usr/bin/cc - skipped
-- Detecting C compile features
-- Detecting C compile features - done
-- Detecting CXX compiler ABI info
-- Detecting CXX compiler ABI info - done
-- Check for working CXX compiler: /usr/bin/c++ - skipped
-- Detecting CXX compile features
-- Detecting CXX compile features - done
-- Found ament_cmake: 1.3.2 (/opt/ros/humble/share/ament_cmake/cmake)
-- Found Python3: /usr/bin/python3.10 (found version "3.10.6") found components: Interpreter 
-- Found ament_lint_auto: 0.12.4 (/opt/ros/humble/share/ament_lint_auto/cmake)
-- Added test 'cppcheck' to perform static code analysis on C / C++ code
-- Configured cppcheck include dirs: 
-- Configured cppcheck exclude dirs and/or files: 
-- Added test 'lint_cmake' to check CMake code style
-- Added test 'uncrustify' to check C / C++ code style
-- Configured uncrustify additional arguments: 
-- Added test 'xmllint' to check XML markup files
-- Configuring done
-- Generating done
-- Build files have been written to: /home/zhuili/limo/src/limo_car/build/limo_car
-- Install configuration: ""
-- Installing: /home/zhuili/limo/src/limo_car/install/limo_car/share/ament_index/resource_index/package_run_dependencies/limo_car
-- Installing: /home/zhuili/limo/src/limo_car/install/limo_car/share/ament_index/resource_index/parent_prefix_path/limo_car
-- Installing: /home/zhuili/limo/src/limo_car/install/limo_car/share/limo_car/environment/ament_prefix_path.sh
-- Installing: /home/zhuili/limo/src/limo_car/install/limo_car/share/limo_car/environment/ament_prefix_path.dsv
-- Installing: /home/zhuili/limo/src/limo_car/install/limo_car/share/limo_car/environment/path.sh
-- Installing: /home/zhuili/limo/src/limo_car/install/limo_car/share/limo_car/environment/path.dsv
-- Installing: /home/zhuili/limo/src/limo_car/install/limo_car/share/limo_car/local_setup.bash
-- Installing: /home/zhuili/limo/src/limo_car/install/limo_car/share/limo_car/local_setup.sh
-- Installing: /home/zhuili/limo/src/limo_car/install/limo_car/share/limo_car/local_setup.zsh
-- Installing: /home/zhuili/limo/src/limo_car/install/limo_car/share/limo_car/local_setup.dsv
-- Installing: /home/zhuili/limo/src/limo_car/install/limo_car/share/limo_car/package.dsv
-- Installing: /home/zhuili/limo/src/limo_car/install/limo_car/share/ament_index/resource_index/packages/limo_car
-- Installing: /home/zhuili/limo/src/limo_car/install/limo_car/share/limo_car/cmake/limo_carConfig.cmake
-- Installing: /home/zhuili/limo/src/limo_car/install/limo_car/share/limo_car/cmake/limo_carConfig-version.cmake
-- Installing: /home/zhuili/limo/src/limo_car/install/limo_car/share/limo_car/package.xml
