[0.012s] Invoking command in '/home/zhuili/limo/src/limo_car/build/limo_car': CMAKE_PREFIX_PATH=/opt/ros/humble /usr/bin/cmake /home/zhuili/limo/src/limo_car -DCMAKE_INSTALL_PREFIX=/home/zhuili/limo/src/limo_car/install/limo_car
[0.092s] -- The C compiler identification is GNU 11.3.0
[0.155s] -- The CXX compiler identification is GNU 11.3.0
[0.162s] -- Detecting C compiler ABI info
[0.205s] -- Detecting C compiler ABI info - done
[0.210s] -- Check for working C compiler: /usr/bin/cc - skipped
[0.211s] -- Detecting C compile features
[0.211s] -- Detecting C compile features - done
[0.214s] -- Detecting CXX compiler ABI info
[0.268s] -- Detecting CXX compiler ABI info - done
[0.273s] -- Check for working CXX compiler: /usr/bin/c++ - skipped
[0.274s] -- Detecting CXX compile features
[0.274s] -- Detecting CXX compile features - done
[0.277s] -- Found ament_cmake: 1.3.2 (/opt/ros/humble/share/ament_cmake/cmake)
[0.384s] -- Found Python3: /usr/bin/python3.10 (found version "3.10.6") found components: Interpreter 
[0.486s] -- Found ament_lint_auto: 0.12.4 (/opt/ros/humble/share/ament_lint_auto/cmake)
[0.540s] -- Added test 'cppcheck' to perform static code analysis on C / C++ code
[0.540s] -- Configured cppcheck include dirs: 
[0.540s] -- Configured cppcheck exclude dirs and/or files: 
[0.540s] -- Added test 'lint_cmake' to check CMake code style
[0.544s] -- Added test 'uncrustify' to check C / C++ code style
[0.544s] -- Configured uncrustify additional arguments: 
[0.565s] -- Added test 'xmllint' to check XML markup files
[0.567s] -- Configuring done
[0.569s] -- Generating done
[0.570s] -- Build files have been written to: /home/zhuili/limo/src/limo_car/build/limo_car
[0.573s] Invoked command in '/home/zhuili/limo/src/limo_car/build/limo_car' returned '0': CMAKE_PREFIX_PATH=/opt/ros/humble /usr/bin/cmake /home/zhuili/limo/src/limo_car -DCMAKE_INSTALL_PREFIX=/home/zhuili/limo/src/limo_car/install/limo_car
[0.575s] Invoking command in '/home/zhuili/limo/src/limo_car/build/limo_car': CMAKE_PREFIX_PATH=/opt/ros/humble /usr/bin/cmake --build /home/zhuili/limo/src/limo_car/build/limo_car -- -j16 -l16
[0.601s] Invoked command in '/home/zhuili/limo/src/limo_car/build/limo_car' returned '0': CMAKE_PREFIX_PATH=/opt/ros/humble /usr/bin/cmake --build /home/zhuili/limo/src/limo_car/build/limo_car -- -j16 -l16
[0.619s] Invoking command in '/home/zhuili/limo/src/limo_car/build/limo_car': CMAKE_PREFIX_PATH=/opt/ros/humble /usr/bin/cmake --install /home/zhuili/limo/src/limo_car/build/limo_car
[0.623s] -- Install configuration: ""
[0.623s] -- Installing: /home/zhuili/limo/src/limo_car/install/limo_car/share/ament_index/resource_index/package_run_dependencies/limo_car
[0.624s] -- Installing: /home/zhuili/limo/src/limo_car/install/limo_car/share/ament_index/resource_index/parent_prefix_path/limo_car
[0.624s] -- Installing: /home/zhuili/limo/src/limo_car/install/limo_car/share/limo_car/environment/ament_prefix_path.sh
[0.624s] -- Installing: /home/zhuili/limo/src/limo_car/install/limo_car/share/limo_car/environment/ament_prefix_path.dsv
[0.624s] -- Installing: /home/zhuili/limo/src/limo_car/install/limo_car/share/limo_car/environment/path.sh
[0.624s] -- Installing: /home/zhuili/limo/src/limo_car/install/limo_car/share/limo_car/environment/path.dsv
[0.624s] -- Installing: /home/zhuili/limo/src/limo_car/install/limo_car/share/limo_car/local_setup.bash
[0.624s] -- Installing: /home/zhuili/limo/src/limo_car/install/limo_car/share/limo_car/local_setup.sh
[0.624s] -- Installing: /home/zhuili/limo/src/limo_car/install/limo_car/share/limo_car/local_setup.zsh
[0.625s] -- Installing: /home/zhuili/limo/src/limo_car/install/limo_car/share/limo_car/local_setup.dsv
[0.625s] -- Installing: /home/zhuili/limo/src/limo_car/install/limo_car/share/limo_car/package.dsv
[0.625s] -- Installing: /home/zhuili/limo/src/limo_car/install/limo_car/share/ament_index/resource_index/packages/limo_car
[0.625s] -- Installing: /home/zhuili/limo/src/limo_car/install/limo_car/share/limo_car/cmake/limo_carConfig.cmake
[0.625s] -- Installing: /home/zhuili/limo/src/limo_car/install/limo_car/share/limo_car/cmake/limo_carConfig-version.cmake
[0.625s] -- Installing: /home/zhuili/limo/src/limo_car/install/limo_car/share/limo_car/package.xml
[0.626s] Invoked command in '/home/zhuili/limo/src/limo_car/build/limo_car' returned '0': CMAKE_PREFIX_PATH=/opt/ros/humble /usr/bin/cmake --install /home/zhuili/limo/src/limo_car/build/limo_car
